<?xml version="1.0" encoding="utf-8"?><testsuites name="pytest tests"><testsuite name="pytest" errors="0" failures="0" skipped="0" tests="7" time="3.420" timestamp="2026-07-11T16:22:14.207584+00:00" hostname="agent-env-efa9965f-6794-4a6a-93f0-11c9ff9da510"><testcase classname="tests.backend_test" name="test_root" time="0.396" /><testcase classname="tests.backend_test" name="test_projects_list" time="0.057" /><testcase classname="tests.backend_test" name="test_contact_post_valid_and_persistence" time="0.319" /><testcase classname="tests.backend_test" name="test_contact_invalid[payload0]" time="0.069" /><testcase classname="tests.backend_test" name="test_contact_invalid[payload1]" time="0.060" /><testcase classname="tests.backend_test" name="test_contact_invalid[payload2]" time="0.066" /><testcase classname="tests.backend_test" name="test_contact_messages_sorted_desc" time="0.098" /></testsuite></testsuites>